<?xml version="1.0" encoding="UTF-8"?>
<testsuite xmlns:xsi="http://www.w3.org/2001/XMLSchema-instance" xsi:noNamespaceSchemaLocation="https://maven.apache.org/surefire/maven-surefire-plugin/xsd/surefire-test-report-3.0.xsd" version="3.0" name="com.bank.transaccionesms.TransaccionesmsApplicationTests" time="10.422" tests="1" errors="0" skipped="0" failures="0">
  <properties>
[...]
</properties>
  <testcase name="contextLoads" classname="com.bank.transaccionesms.TransaccionesmsApplicationTests" time="0.024">
    <system-out><![CDATA[2024-12-06T09:37:12.801-05:00  INFO 8308 --- [transaccionesms] [           main] t.c.s.AnnotationConfigContextLoaderUtils : Could not detect default configuration classes for test class [com.bank.transaccionesms.TransaccionesmsApplicationTests]: TransaccionesmsApplicationTests does not declare any static, non-private, non-final, nested classes annotated with @Configuration.
2024-12-06T09:37:12.921-05:00  INFO 8308 --- [transaccionesms] [           main] .b.t.c.SpringBootTestContextBootstrapper : Found @SpringBootConfiguration com.bank.transaccionesms.TransaccionesmsApplication for test class com.bank.transaccionesms.TransaccionesmsApplicationTests

  .   ____          _            __ _ _
 /\\ / ___'_ __ _ _(_)_ __  __ _ \ \ \ \
( ( )\___ | '_ | '_| | '_ \/ _` | \ \ \ \
 \\/  ___)| |_)| | | | | || (_| |  ) ) ) )
  '  |____| .__|_| |_|_| |_\__, | / / / /
 =========|_|==============|___/=/_/_/_/

 :: Spring Boot ::                (v3.3.6)

2024-12-06T09:37:13.260-05:00  INFO 8308 --- [transaccionesms] [           main] c.b.t.TransaccionesmsApplicationTests    : Starting TransaccionesmsApplicationTests using Java 17.0.13 with PID 8308 (started by Mayra25 in C:\Users\Mayra25\Desktop\PresentaciónNTT\transaccionesms)
2024-12-06T09:37:13.261-05:00  INFO 8308 --- [transaccionesms] [           main] c.b.t.TransaccionesmsApplicationTests    : No active profile set, falling back to 1 default profile: "default"
2024-12-06T09:37:15.235-05:00  INFO 8308 --- [transaccionesms] [           main] .s.d.r.c.RepositoryConfigurationDelegate : Bootstrapping Spring Data Reactive MongoDB repositories in DEFAULT mode.
2024-12-06T09:37:15.436-05:00  INFO 8308 --- [transaccionesms] [           main] .s.d.r.c.RepositoryConfigurationDelegate : Finished Spring Data repository scanning in 175 ms. Found 1 Reactive MongoDB repository interface.
Configurando WebClient para AccountMs
2024-12-06T09:37:18.452-05:00  INFO 8308 --- [transaccionesms] [kvo.mongodb.net] org.mongodb.driver.cluster               : Adding discovered server cluster0-shard-00-00.dckvo.mongodb.net:27017 to client view of cluster
2024-12-06T09:37:18.640-05:00  INFO 8308 --- [transaccionesms] [           main] org.mongodb.driver.client                : MongoClient with metadata {"application": {"name": "Cluster0"}, "driver": {"name": "mongo-java-driver|reactive-streams|spring-boot", "version": "5.0.1"}, "os": {"type": "Windows", "name": "Windows 10", "architecture": "amd64", "version": "10.0"}, "platform": "Java/Oracle Corporation/17.0.13+10-LTS-268"} created with settings MongoClientSettings{readPreference=primary, writeConcern=WriteConcern{w=majority, wTimeout=null ms, journal=null}, retryWrites=true, retryReads=true, readConcern=ReadConcern{level=null}, credential=MongoCredential{mechanism=null, userName='mayrahuarcaya', source='admin', password=<hidden>, mechanismProperties=<hidden>}, transportSettings=NettyTransportSettings{eventLoopGroup=io.netty.channel.nio.NioEventLoopGroup@476efc81, socketChannelClass=null, allocator=null, sslContext=null}, commandListeners=[], codecRegistry=ProvidersCodecRegistry{codecProviders=[ValueCodecProvider{}, BsonValueCodecProvider{}, DBRefCodecProvider{}, DBObjectCodecProvider{}, DocumentCodecProvider{}, CollectionCodecProvider{}, IterableCodecProvider{}, MapCodecProvider{}, GeoJsonCodecProvider{}, GridFSFileCodecProvider{}, Jsr310CodecProvider{}, JsonObjectCodecProvider{}, BsonCodecProvider{}, EnumCodecProvider{}, com.mongodb.client.model.mql.ExpressionCodecProvider@27a9fe9e, com.mongodb.Jep395RecordCodecProvider@6cfd4d4d, com.mongodb.KotlinCodecProvider@4ecd395f]}, loggerSettings=LoggerSettings{maxDocumentLength=1000}, clusterSettings={hosts=[127.0.0.1:27017], srvHost=cluster0.dckvo.mongodb.net, srvServiceName=mongodb, mode=MULTIPLE, requiredClusterType=REPLICA_SET, requiredReplicaSetName='atlas-pfzrt6-shard-0', serverSelector='null', clusterListeners='[]', serverSelectionTimeout='30000 ms', localThreshold='15 ms'}, socketSettings=SocketSettings{connectTimeoutMS=10000, readTimeoutMS=0, receiveBufferSize=0, proxySettings=ProxySettings{host=null, port=null, username=null, password=null}}, heartbeatSocketSettings=SocketSettings{connectTimeoutMS=10000, readTimeoutMS=10000, receiveBufferSize=0, proxySettings=ProxySettings{host=null, port=null, username=null, password=null}}, connectionPoolSettings=ConnectionPoolSettings{maxSize=100, minSize=0, maxWaitTimeMS=120000, maxConnectionLifeTimeMS=0, maxConnectionIdleTimeMS=0, maintenanceInitialDelayMS=0, maintenanceFrequencyMS=60000, connectionPoolListeners=[], maxConnecting=2}, serverSettings=ServerSettings{heartbeatFrequencyMS=10000, minHeartbeatFrequencyMS=500, serverListeners='[]', serverMonitorListeners='[]'}, sslSettings=SslSettings{enabled=true, invalidHostNameAllowed=false, context=null}, applicationName='Cluster0', compressorList=[], uuidRepresentation=JAVA_LEGACY, serverApi=null, autoEncryptionSettings=null, dnsClient=null, inetAddressResolver=null, contextProvider=null}
2024-12-06T09:37:18.674-05:00  INFO 8308 --- [transaccionesms] [kvo.mongodb.net] org.mongodb.driver.cluster               : Adding discovered server cluster0-shard-00-01.dckvo.mongodb.net:27017 to client view of cluster
2024-12-06T09:37:18.688-05:00  INFO 8308 --- [transaccionesms] [kvo.mongodb.net] org.mongodb.driver.cluster               : Adding discovered server cluster0-shard-00-02.dckvo.mongodb.net:27017 to client view of cluster
2024-12-06T09:37:20.844-05:00  INFO 8308 --- [transaccionesms] [ngodb.net:27017] org.mongodb.driver.cluster               : Monitor thread successfully connected to server with description ServerDescription{address=cluster0-shard-00-01.dckvo.mongodb.net:27017, type=REPLICA_SET_SECONDARY, state=CONNECTED, ok=true, minWireVersion=0, maxWireVersion=25, maxDocumentSize=16777216, logicalSessionTimeoutMinutes=30, roundTripTimeNanos=814052800, setName='atlas-pfzrt6-shard-0', canonicalAddress=cluster0-shard-00-01.dckvo.mongodb.net:27017, hosts=[cluster0-shard-00-01.dckvo.mongodb.net:27017, cluster0-shard-00-00.dckvo.mongodb.net:27017, cluster0-shard-00-02.dckvo.mongodb.net:27017], passives=[], arbiters=[], primary='cluster0-shard-00-02.dckvo.mongodb.net:27017', tagSet=TagSet{[Tag{name='availabilityZone', value='sae1-az3'}, Tag{name='diskState', value='READY'}, Tag{name='nodeType', value='ELECTABLE'}, Tag{name='provider', value='AWS'}, Tag{name='region', value='SA_EAST_1'}, Tag{name='workloadType', value='OPERATIONAL'}]}, electionId=null, setVersion=43, topologyVersion=TopologyVersion{processId=6744c6c0fb0dde774ef35508, counter=3}, lastWriteDate=Fri Dec 06 09:37:20 PET 2024, lastUpdateTimeNanos=121927647747300}
2024-12-06T09:37:20.844-05:00  INFO 8308 --- [transaccionesms] [ngodb.net:27017] org.mongodb.driver.cluster               : Monitor thread successfully connected to server with description ServerDescription{address=cluster0-shard-00-00.dckvo.mongodb.net:27017, type=REPLICA_SET_SECONDARY, state=CONNECTED, ok=true, minWireVersion=0, maxWireVersion=25, maxDocumentSize=16777216, logicalSessionTimeoutMinutes=30, roundTripTimeNanos=821243700, setName='atlas-pfzrt6-shard-0', canonicalAddress=cluster0-shard-00-00.dckvo.mongodb.net:27017, hosts=[cluster0-shard-00-01.dckvo.mongodb.net:27017, cluster0-shard-00-00.dckvo.mongodb.net:27017, cluster0-shard-00-02.dckvo.mongodb.net:27017], passives=[], arbiters=[], primary='cluster0-shard-00-02.dckvo.mongodb.net:27017', tagSet=TagSet{[Tag{name='availabilityZone', value='sae1-az1'}, Tag{name='diskState', value='READY'}, Tag{name='nodeType', value='ELECTABLE'}, Tag{name='provider', value='AWS'}, Tag{name='region', value='SA_EAST_1'}, Tag{name='workloadType', value='OPERATIONAL'}]}, electionId=null, setVersion=43, topologyVersion=TopologyVersion{processId=6744bff5ac84c230b6f2c927, counter=4}, lastWriteDate=Fri Dec 06 09:37:20 PET 2024, lastUpdateTimeNanos=121927653321900}
2024-12-06T09:37:20.848-05:00  INFO 8308 --- [transaccionesms] [ngodb.net:27017] org.mongodb.driver.cluster               : Monitor thread successfully connected to server with description ServerDescription{address=cluster0-shard-00-02.dckvo.mongodb.net:27017, type=REPLICA_SET_PRIMARY, state=CONNECTED, ok=true, minWireVersion=0, maxWireVersion=25, maxDocumentSize=16777216, logicalSessionTimeoutMinutes=30, roundTripTimeNanos=827150200, setName='atlas-pfzrt6-shard-0', canonicalAddress=cluster0-shard-00-02.dckvo.mongodb.net:27017, hosts=[cluster0-shard-00-01.dckvo.mongodb.net:27017, cluster0-shard-00-00.dckvo.mongodb.net:27017, cluster0-shard-00-02.dckvo.mongodb.net:27017], passives=[], arbiters=[], primary='cluster0-shard-00-02.dckvo.mongodb.net:27017', tagSet=TagSet{[Tag{name='availabilityZone', value='sae1-az2'}, Tag{name='diskState', value='READY'}, Tag{name='nodeType', value='ELECTABLE'}, Tag{name='provider', value='AWS'}, Tag{name='region', value='SA_EAST_1'}, Tag{name='workloadType', value='OPERATIONAL'}]}, electionId=7fffffff000000000000009f, setVersion=43, topologyVersion=TopologyVersion{processId=6744c38641c520bcb445c440, counter=6}, lastWriteDate=Fri Dec 06 09:37:20 PET 2024, lastUpdateTimeNanos=121927659269700}
2024-12-06T09:37:20.860-05:00  INFO 8308 --- [transaccionesms] [ngodb.net:27017] org.mongodb.driver.cluster               : Discovered replica set primary cluster0-shard-00-02.dckvo.mongodb.net:27017 with max election id 7fffffff000000000000009f and max set version 43
2024-12-06T09:37:23.116-05:00  INFO 8308 --- [transaccionesms] [           main] c.b.t.TransaccionesmsApplicationTests    : Started TransaccionesmsApplicationTests in 10.105 seconds (process running for 29.631)
]]></system-out>
  </testcase>
</testsuite>